# JRE version: Java(TM) SE Runtime Environment (8.0_211-b12) (build 1.8.0_211-b12)
# Java VM: Java HotSpot(TM) 64-Bit Server VM (25.211-b12 mixed mode windows-amd64 compressed oops)
Heap:
 PSYoungGen      total 55296K, used 42878K [0x0000000780780000, 0x0000000786d00000, 0x00000007c0000000)
  eden space 52736K, 76% used [0x0000000780780000,0x0000000782efffd0,0x0000000783b00000)
  from space 2560K, 94% used [0x0000000786a80000,0x0000000786cdfc18,0x0000000786d00000)
  to   space 4096K, 0% used [0x0000000786500000,0x0000000786500000,0x0000000786900000)
 ParOldGen       total 305664K, used 287402K [0x0000000701600000, 0x0000000714080000, 0x0000000780780000)
  object space 305664K, 94% used [0x0000000701600000,0x0000000712eaa988,0x0000000714080000)
 Metaspace       used 66295K, capacity 70833K, committed 71040K, reserved 1112064K
  class space    used 7038K, capacity 7702K, committed 7808K, reserved 1048576K
GC Heap History (10 events):
Event: 1350.598 GC heap before
{Heap before GC invocations=257 (full 3):
 PSYoungGen      total 57856K, used 57855K [0x0000000780780000, 0x0000000787100000, 0x00000007c0000000)
  eden space 55296K, 100% used [0x0000000780780000,0x0000000783d80000,0x0000000783d80000)
  from space 2560K, 99% used [0x0000000786c80000,0x0000000786effc18,0x0000000786f00000)
  to   space 2048K, 0% used [0x0000000786f00000,0x0000000786f00000,0x0000000787100000)
 ParOldGen       total 305664K, used 285291K [0x0000000701600000, 0x0000000714080000, 0x0000000780780000)
  object space 305664K, 93% used [0x0000000701600000,0x0000000712c9af88,0x0000000714080000)
 Metaspace       used 65949K, capacity 70541K, committed 70656K, reserved 1112064K
  class space    used 6970K, capacity 7632K, committed 7680K, reserved 1048576K
Event: 1350.604 GC heap after
Heap after GC invocations=257 (full 3):
 PSYoungGen      total 56832K, used 2047K [0x0000000780780000, 0x0000000787100000, 0x00000007c0000000)
  eden space 54784K, 0% used [0x0000000780780000,0x0000000780780000,0x0000000783d00000)
  from space 2048K, 99% used [0x0000000786f00000,0x00000007870ffc18,0x0000000787100000)
  to   space 3584K, 0% used [0x0000000786a00000,0x0000000786a00000,0x0000000786d80000)
 ParOldGen       total 305664K, used 285831K [0x0000000701600000, 0x0000000714080000, 0x0000000780780000)
  object space 305664K, 93% used [0x0000000701600000,0x0000000712d21c88,0x0000000714080000)
 Metaspace       used 65949K, capacity 70541K, committed 70656K, reserved 1112064K
  class space    used 6970K, capacity 7632K, committed 7680K, reserved 1048576K
}
Event: 1357.667 GC heap before
{Heap before GC invocations=258 (full 3):
 PSYoungGen      total 56832K, used 56831K [0x0000000780780000, 0x0000000787100000, 0x00000007c0000000)
  eden space 54784K, 100% used [0x0000000780780000,0x0000000783d00000,0x0000000783d00000)
  from space 2048K, 99% used [0x0000000786f00000,0x00000007870ffc18,0x0000000787100000)
  to   space 3584K, 0% used [0x0000000786a00000,0x0000000786a00000,0x0000000786d80000)
 ParOldGen       total 305664K, used 285831K [0x0000000701600000, 0x0000000714080000, 0x0000000780780000)
  object space 305664K, 93% used [0x0000000701600000,0x0000000712d21c88,0x0000000714080000)
 Metaspace       used 66281K, capacity 70833K, committed 71040K, reserved 1112064K
  class space    used 7038K, capacity 7702K, committed 7808K, reserved 1048576K
Event: 1357.673 GC heap after
Heap after GC invocations=258 (full 3):
 PSYoungGen      total 56832K, used 2450K [0x0000000780780000, 0x0000000786f80000, 0x00000007c0000000)
  eden space 54272K, 0% used [0x0000000780780000,0x0000000780780000,0x0000000783c80000)
  from space 2560K, 95% used [0x0000000786a00000,0x0000000786c64bb0,0x0000000786c80000)
  to   space 3072K, 0% used [0x0000000786c80000,0x0000000786c80000,0x0000000786f80000)
 ParOldGen       total 305664K, used 287402K [0x0000000701600000, 0x0000000714080000, 0x0000000780780000)
  object space 305664K, 94% used [0x0000000701600000,0x0000000712eaa988,0x0000000714080000)
 Metaspace       used 66281K, capacity 70833K, committed 71040K, reserved 1112064K
  class space    used 7038K, capacity 7702K, committed 7808K, reserved 1048576K
}
Event: 1364.302 GC heap before
{Heap before GC invocations=259 (full 3):
 PSYoungGen      total 56832K, used 56722K [0x0000000780780000, 0x0000000786f80000, 0x00000007c0000000)
  eden space 54272K, 100% used [0x0000000780780000,0x0000000783c80000,0x0000000783c80000)
  from space 2560K, 95% used [0x0000000786a00000,0x0000000786c64bb0,0x0000000786c80000)
  to   space 3072K, 0% used [0x0000000786c80000,0x0000000786c80000,0x0000000786f80000)
 ParOldGen       total 305664K, used 287402K [0x0000000701600000, 0x0000000714080000, 0x0000000780780000)
  object space 305664K, 94% used [0x0000000701600000,0x0000000712eaa988,0x0000000714080000)
 Metaspace       used 66290K, capacity 70833K, committed 71040K, reserved 1112064K
  class space    used 7038K, capacity 7702K, committed 7808K, reserved 1048576K
Event: 1364.307 GC heap after
Heap after GC invocations=259 (full 3):
 PSYoungGen      total 56320K, used 2322K [0x0000000780780000, 0x0000000786f00000, 0x00000007c0000000)
  eden space 53760K, 0% used [0x0000000780780000,0x0000000780780000,0x0000000783c00000)
  from space 2560K, 90% used [0x0000000786c80000,0x0000000786ec4a28,0x0000000786f00000)
  to   space 3584K, 0% used [0x0000000786800000,0x0000000786800000,0x0000000786b80000)
 ParOldGen       total 305664K, used 287402K [0x0000000701600000, 0x0000000714080000, 0x0000000780780000)
  object space 305664K, 94% used [0x0000000701600000,0x0000000712eaa988,0x0000000714080000)
 Metaspace       used 66290K, capacity 70833K, committed 71040K, reserved 1112064K
  class space    used 7038K, capacity 7702K, committed 7808K, reserved 1048576K
}
Event: 1373.025 GC heap before
{Heap before GC invocations=260 (full 3):
 PSYoungGen      total 56320K, used 56082K [0x0000000780780000, 0x0000000786f00000, 0x00000007c0000000)
  eden space 53760K, 100% used [0x0000000780780000,0x0000000783c00000,0x0000000783c00000)
  from space 2560K, 90% used [0x0000000786c80000,0x0000000786ec4a28,0x0000000786f00000)
  to   space 3584K, 0% used [0x0000000786800000,0x0000000786800000,0x0000000786b80000)
 ParOldGen       total 305664K, used 287402K [0x0000000701600000, 0x0000000714080000, 0x0000000780780000)
  object space 305664K, 94% used [0x0000000701600000,0x0000000712eaa988,0x0000000714080000)
 Metaspace       used 66290K, capacity 70833K, committed 71040K, reserved 1112064K
  class space    used 7038K, capacity 7702K, committed 7808K, reserved 1048576K
Event: 1373.029 GC heap after
Heap after GC invocations=260 (full 3):
 PSYoungGen      total 55808K, used 2367K [0x0000000780780000, 0x0000000786d00000, 0x00000007c0000000)
  eden space 53248K, 0% used [0x0000000780780000,0x0000000780780000,0x0000000783b80000)
  from space 2560K, 92% used [0x0000000786800000,0x0000000786a4fc18,0x0000000786a80000)
  to   space 2560K, 0% used [0x0000000786a80000,0x0000000786a80000,0x0000000786d00000)
 ParOldGen       total 305664K, used 287402K [0x0000000701600000, 0x0000000714080000, 0x0000000780780000)
  object space 305664K, 94% used [0x0000000701600000,0x0000000712eaa988,0x0000000714080000)
 Metaspace       used 66290K, capacity 70833K, committed 71040K, reserved 1112064K
  class space    used 7038K, capacity 7702K, committed 7808K, reserved 1048576K
}
Event: 1379.254 GC heap before
{Heap before GC invocations=261 (full 3):
 PSYoungGen      total 55808K, used 55615K [0x0000000780780000, 0x0000000786d00000, 0x00000007c0000000)
  eden space 53248K, 100% used [0x0000000780780000,0x0000000783b80000,0x0000000783b80000)
  from space 2560K, 92% used [0x0000000786800000,0x0000000786a4fc18,0x0000000786a80000)
  to   space 2560K, 0% used [0x0000000786a80000,0x0000000786a80000,0x0000000786d00000)
 ParOldGen       total 305664K, used 287402K [0x0000000701600000, 0x0000000714080000, 0x0000000780780000)
  object space 305664K, 94% used [0x0000000701600000,0x0000000712eaa988,0x0000000714080000)
 Metaspace       used 66295K, capacity 70833K, committed 71040K, reserved 1112064K
  class space    used 7038K, capacity 7702K, committed 7808K, reserved 1048576K
Event: 1379.258 GC heap after
Heap after GC invocations=261 (full 3):
 PSYoungGen      total 55296K, used 2431K [0x0000000780780000, 0x0000000786d00000, 0x00000007c0000000)
  eden space 52736K, 0% used [0x0000000780780000,0x0000000780780000,0x0000000783b00000)
  from space 2560K, 94% used [0x0000000786a80000,0x0000000786cdfc18,0x0000000786d00000)
  to   space 4096K, 0% used [0x0000000786500000,0x0000000786500000,0x0000000786900000)
 ParOldGen       total 305664K, used 287402K [0x0000000701600000, 0x0000000714080000, 0x0000000780780000)
  object space 305664K, 94% used [0x0000000701600000,0x0000000712eaa988,0x0000000714080000)
 Metaspace       used 66295K, capacity 70833K, committed 71040K, reserved 1112064K
  class space    used 7038K, capacity 7702K, committed 7808K, reserved 1048576K
}

